Feb  1 00:00:01 host.internal Microsoft-Windows-Security-Auditing[580]: {"EventTime":"%TS%","Hostname":"host.internal","Keywords":-9214364837600034816,"EventType":"AUDIT_SUCCESS","SeverityValue":2,"Severity":"INFO","EventID":4624,"SourceName":"Microsoft-Windows-Security-Auditing","ProviderGuid":"{54849625-5478-4994-A5BA-3E3B0328C30D}","Version":0,"Task":12544,"OpcodeValue":0,"RecordNumber":59795109,"ProcessID":532,"ThreadID":408,"Channel":"Security","Message":"An account was successfully logged on.\r\n\r\nSubject:\r\n\tSecurity ID:\t\tS-1-0-0\r\n\tAccount Name:\t\t-\r\n\tAccount Domain:\t\t-\r\n\tLogon ID:\t\t0x0\r\n\r\nLogon Type:\t\t\t3\r\n\r\nNew Logon:\r\n\tSecurity ID:\t\tS-1-5-18\r\n\tAccount Name:\t\t%TARGET_DOMAIN2%\r\n\tAccount Domain:\t\tSSTECH\r\n\tLogon ID:\t\t0x1da1cdb6\r\n\tLogon GUID:\t\t{FEB50683-C36D-826D-AE56-6D351339049B}\r\n\r\nProcess Information:\r\n\tProcess ID:\t\t0x0\r\n\tProcess Name:\t\t-\r\n\r\nNetwork Information:\r\n\tWorkstation Name:\t\r\n\tSource Network Address:\t::1\r\n\tSource Port:\t\t59714\r\n\r\nDetailed Authentication Information:\r\n\tLogon Process:\t\tKerberos\r\n\tAuthentication Package:\tKerberos\r\n\tTransited Services:\t-\r\n\tPackage Name (NTLM only):\t-\r\n\tKey Length:\t\t0\r\n\r\nThis event is generated when a logon session is created. It is generated on the computer that was accessed.\r\n\r\nThe subject fields indicate the account on the local system which requested the logon. This is most commonly a service such as the Server service, or a local process such as Winlogon.exe or Services.exe.\r\n\r\nThe logon type field indicates the kind of logon that occurred. The most common types are 2 (interactive) and 3 (network).\r\n\r\nThe New Logon fields indicate the account for whom the new logon was created, i.e. the account that was logged on.\r\n\r\nThe network fields indicate where a remote logon request originated. Workstation name is not always available and may be left blank in some cases.\r\n\r\nThe authentication information fields provide detailed information about this specific logon request.\r\n\t- Logon GUID is a unique identifier that can be used to correlate this event with a KDC event.\r\n\t- Transited services indicate which intermediate services have participated in this logon request.\r\n\t- Package name indicates which sub-protocol was used among the NTLM protocols.\r\n\t- Key length indicates the length of the generated session key. This will be 0 if no session key was requested.","Category":"Logon","Opcode":"Info","SubjectUserSid":"S-1-0-0","SubjectUserName":"-","SubjectDomainName":"-","SubjectLogonId":"0x%SUBJECT_LOGONID%","TargetUserSid":"S-1-5-18","TargetUserName":"%TARGET_ACCOUNT%","TargetDomainName":"%TARGET_DOMAIN2%","TargetLogonId":"0x%TARGET_LOGONID%","LogonType":"%LOGON_TYPE%","LogonProcessName":"Kerberos","AuthenticationPackageName":"Kerberos","WorkstationName'/><Data Name='LogonGuid":"{FEB50683-C36D-826D-AE56-6D351339049B}","TransmittedServices":"-","LmPackageName":"-","KeyLength":"0","ProcessName":"-","IpAddress":"%IP%","IpPort":"%PORT%","EventReceivedTime":"%TS%","SourceModuleName":"in","SourceModuleType":"im_msvistalog"}#015%WIND_LOGON%
Feb  1 00:00:01 host.internal Microsoft-Windows-Security-Auditing[580]: {"EventTime":"%TS%","Hostname":"host.internal","Keywords":-9214364837600034816,"EventType":"AUDIT_FAILURE","SeverityValue":4,"Severity":"ERROR","EventID":4625,"SourceName":"Microsoft-Windows-Security-Auditing","ProviderGuid":"{54849625-5478-4994-A5BA-3E3B0328C30D}","Version":0,"Task":12544,"OpcodeValue":0,"RecordNumber":59795105,"ProcessID":532,"ThreadID":1868,"Channel":"Security","Message":"An account failed to log on.\r\n\r\nSubject:\r\n\tSecurity ID:\t\tS1-5-18\r\n\tAccount Name:\t\t%SUBJECT_ACCOUNT%\r\n\tAccount Domain:\t\t%SUBJECT_DOMAIN%\r\n\tLogon ID:\t\t0x3e7\r\n\r\nLogon Type:\t\t\t4\r\n\r\nAccount For Which Logon Failed:\r\n\tSecurity ID:\t\tS-1-0-0\r\n\tAccount Name:\t\t%TARGET_ACCOUNT%\r\n\tAccount Domain:\t\t%TARGET_DOMAIN%\r\n\r\nFailure Information:\r\n\tFailure Reason:\t\tThe user has not been granted the requested logon type at this machine.\r\n\tStatus:\t\t\t0xc000015b\r\n\tSub Status:\t\t0x0\r\n\r\nProcess Information:\r\n\tCaller Process ID:\t0x91c\r\n\tCaller Process Name:\tC:\\Program Files\\Symantec\\Backup Exec\\RAWS\\beremote.exe\r\n\r\nNetwork Information:\r\n\tWorkstation Name:\tSSTECHGCDC01\r\n\tSource Network Address:\t-\r\n\tSource Port:\t\t-\r\n\r\nDetailed Authentication Information:\r\n\tLogon Process:\t\tAdvapi  \r\n\tAuthentication Package:\tMICROSOFT_AUTHENTICATION_PACKAGE_V1_0\r\n\tTransited Services:\t-\r\n\tPackage Name (NTLM only):\t-\r\n\tKey Length:\t\t0\r\n\r\nThis event is generated when a logon request fails. It is generated on the computer where access was attempted.\r\n\r\nThe Subject fields indicate the account on the local system which requested the logon. This is most commonly a service such as the Server service, or a local process such as Winlogon.exe or Services.exe.\r\n\r\nThe Logon Type field indicates the kind of logon that was requested. The most common types are 2 (interactive) and 3 (network).\r\n\r\nThe Process Information fields indicate which account and process on the system requested the logon.\r\n\r\nThe Network Information fields indicate where a remote logon request originated. Workstation name is not always available and may be left blank in some cases.\r\n\r\nThe authentication information fields provide detailed information about this specific logon request.\r\n\t- Transited services indicate which intermediate services have participated in this logon request.\r\n\t- Package name indicates which sub-protocol was used among the NTLM protocols.\r\n\t- Key length indicates the length of the generated session key. This will be 0 if no session key was requested.","Category":"Logon","Opcode":"Info","SubjectUserSid":"S-1-5-18","SubjectUserName":"%SUBJECT_ACCOUNT%","SubjectDomainName":"%SUBJECT_DOMAIN%","SubjectLogonId":"0x%SUBJECT_LOGONID%","TargetUserSid":"S-1-0-0","TargetUserName":"%TARGET_ACCOUNT%","TargetDomainName":"%TARGET_DOMAIN%","Status":"0xc000015b","FailureReason":"%%2308","SubStatus":"0x0","LogonType":"%LOGON_TYPE%","LogonProcessName":"Advapi  ","AuthenticationPackageName":"MICROSOFT_AUTHENTICATION_PACKAGE_V1_0","WorkstationName":"%WORKSTATION%","TransmittedServices":"-","LmPackageName":"-","KeyLength":"0","ProcessName":"%PROCESS_NAME%","IpAddress":"-","IpPort":"-","EventReceivedTime":"%TS%","SourceModuleName":"in","SourceModuleType":"im_msvistalog"}#015%WIND_LOGON%
Feb  1 00:00:01 host.internal Microsoft-Windows-Security-Auditing[580]: {"EventTime":"%TS%","Hostname":"host.internal","Keywords":-9214364837600034816,"EventType":"AUDIT_SUCCESS","SeverityValue":2,"Severity":"INFO","EventID":4634,"SourceName":"Microsoft-Windows-Security-Auditing","ProviderGuid":"{54849625-5478-4994-A5BA-3E3B0328C30D}","Version":0,"Task":12545,"OpcodeValue":0,"RecordNumber":24274711,"ProcessID":580,"ThreadID":1452,"Channel":"Security","Message":"An account was logged off.\r\n\r\nSubject:\r\n\tSecurity ID:\t\tS-1-5-18\r\n\tAccount Name:\t\t%TARGET_ACCOUNT%\r\n\tAccount Domain:\t\t%TARGET_DOMAIN%\r\n\tLogon ID:\t\t0x%TARGET_LOGONID%\r\n\r\nLogon Type:\t\t\t0x%TARGET_LOGONID%\r\n\r\nThis event is generated when a logon session is destroyed. It may be positively correlated with a logon event using the Logon ID value. Logon IDs are only unique between reboots on the same computer.","Category":"Logoff","Opcode":"Info","TargetUserSid":"S-1-5-18","TargetUserName":"%TARGET_ACCOUNT%","TargetDomainName":"%TARGET_DOMAIN%","TargetLogonId":"0x%TARGET_LOGONID%","LogonType":"%LOGON_TYPE%","EventReceivedTime":"%TS%","SourceModuleName":"in","SourceModuleType":"im_msvistalog"}#015%WIND_LOGON%
Feb  1 00:00:01 host.internal Microsoft-Windows-Security-Auditing[580]: {"EventTime":"%TS%","Hostname":"host.internal","Keywords":-9214364837600034816,"EventType":"AUDIT_SUCCESS","SeverityValue":2,"Severity":"INFO","EventID":4647,"SourceName":"Microsoft-Windows-Security-Auditing","ProviderGuid":"{54849625-5478-4994-A5BA-3E3B0328C30D}","Version":0,"Task":12545,"OpcodeValue":0,"RecordNumber":24274711,"ProcessID":580,"ThreadID":1452,"Channel":"Security","Message":"User initiated logoff:\r\n\r\nSubject:\r\n\tSecurity ID:\t\tS-1-5-21-1086840289-4070117063-4100749663-5716\r\n\tAccount Name:\t\t%TARGET_ACCOUNT%\r\n\tAccount Domain:\t\t%TARGET_DOMAIN%\r\n\tLogon ID:\t\t0x%TARGET_LOGONID%\r\n\r\nThis event is generated when a logoff is initiated. No further user-initiated activity can occur. This event can be interpreted as a logoff event.","Category":"Logoff","Opcode":"Info","TargetUserSid":"S-1-5-21-1086840289-4070117063-4100749663-5716","TargetUserName":"%TARGET_ACCOUNT%","TargetDomainName":"%TARGET_DOMAIN%","TargetLogonId":"0x%TARGET_LOGONID%","EventReceivedTime":"%TS%","SourceModuleName":"in","SourceModuleType":"im_msvistalog"}#015%WIND_LOGON%
Feb  1 00:00:01 host.internal Microsoft-Windows-Security-Auditing[580]: {"EventTime":"%TS%","Hostname":"host.internal","Keywords":-9214364837600034816,"EventType":"AUDIT_SUCCESS","SeverityValue":2,"Severity":"INFO","EventID":4648,"SourceName":"Microsoft-Windows-Security-Auditing","ProviderGuid":"{54849625-5478-4994-A5BA-3E3B0328C30D}","Version":0,"Task":12545,"OpcodeValue":0,"RecordNumber":24274711,"ProcessID":580,"ThreadID":1452,"Channel":"Security","Message":"A logon was attempted using explicit credentials.\r\n\r\nSubject:\r\n\tSecurity ID:\t\tS-1-5-18\r\n\tAccount Name:\t\t%SUBJECT_ACCOUNT%\r\n\tAccount Domain:\t\t%SUBJECT_DOMAIN%\r\n\tLogon ID:\t\t0x%SUBJECT_LOGONID%\r\n\tLogon GUID:\t\t{00000000-0000-0000-0000-000000000000}\r\n\r\nAccount Whose Credentials Were Used:\r\n\tAccount Name:\t\%TARGET_ACCOUNT%\r\n\tAccount Domain:\t\t%TARGET_DOMAIN%\r\n\tLogon GUID:\t\t{9B3C56B9-DE3E-959D-5FD6-A495C610221D}\r\n\r\nTarget Server:\r\n\tTarget Server Name:\t%TARGET_DOMAIN%\r\n\tAdditional Information:\t-TargetServerName\r\n\r\nProcess Information:\r\n\tProcess ID:\t\t%PROCESS_ID%\r\n\tProcess Name:\t\t%PROCESS_NAME%\r\n\r\nNetwork Information:\r\n\tNetwork Address:\t-\r\n\tPort:\t\t\t-\r\n\r\nThis event is generated when a process attempts to log on an account by explicitly specifying that account’s credentials.  This most commonly occurs in batch-type configurations such as scheduled tasks, or when using the RUNAS command.","Category":"Logon","Opcode":"Info","SubjectUserSid":"S-1-5-18","SubjectUserName":"%SUBJECT_ACCOUNT%","SubjectDomainName":"%SUBJECT_DOMAIN%","SubjectLogonId":"0x%SUBJECT_LOGONID%","LogonGuid":"{00000000-0000-0000-0000-000000000000}","TargetUserName":"%TARGET_ACCOUNT%","TargetDomainName":"%TARGET_DOMAIN%","TargetLogonGuid":"{9B3C56B9-DE3E-959D-5FD6-A495C610221D}","TargetServerName":"-TargetServerName","TargetInfo":"-TARGET_INFO","ProcessName":"%PROCESS_NAME%","IpAddress":"-","IpPort":"-","EventReceivedTime":"%TS%","SourceModuleName":"in","SourceModuleType":"im_msvistalog"}#015%WIND_LOGON%
Feb  1 00:00:01 host.internal Microsoft-Windows-Security-Auditing[580]: {"EventTime":"%TS%","Hostname":"host.internal","Keywords":-9214364837600034816,"EventType":"AUDIT_SUCCESS","SeverityValue":2,"Severity":"INFO","EventID":4662,"SourceName":"Microsoft-Windows-Security-Auditing","ProviderGuid":"{54849625-5478-4994-A5BA-3E3B0328C30D}","Version":0,"Task":12545,"OpcodeValue":0,"RecordNumber":24274711,"ProcessID":580,"ThreadID":1452,"Channel":"Security","Message":"An operation was performed on an object.\r\n\r\nSubject :\r\n\tSecurity ID:\t\tS-1-5-21-1086840289-4070117063-4100749663-2807\r\n\tAccount Name:\t\t%SUBJECT_ACCOUNT%\r\n\tAccount Domain:\t\t%SUBJECT_DOMAIN%\r\n\tLogon ID:\t\t0x%SUBJECT_LOGONID%\r\n\r\nObject:\r\n\tObject Server:\t\t%OBJECT_SERVER%\r\n\tObject Type:\t\t%{19195a5b-6da0-11d0-afd3-00c04fd930c9}\r\n\tObject Name:\t\t%OBJECT_NAME%\r\n\tHandle ID:\t\t%HANDLEID%\r\n\r\nOperation:\r\n\tOperation Type:\t\tObject Access\r\n\tAccesses:\t\tControl Access\r\n\t\t\t\t\r\n\tAccess Mask:\t\t0x100\r\n\tProperties:\t\tControl Access\r\n\t\t{1131f6aa-9c07-11d1-f79f-00c04fc2dcd2}\r\n\t{19195a5b-6da0-11d0-afd3-00c04fd930c9}\r\n\r\n\r\nAdditional Information:\r\n\tParameter 1:\t\t-\r\n\tParameter 2:\t\t","Category":"Directory Service Access","Opcode":"Info","SubjectUserSid":"S-1-5-21-1086840289-4070117063-4100749663-2807","SubjectUserName":"%SUBJECT_ACCOUNT%","SubjectDomainName":"%SUBJECT_DOMAIN%","SubjectLogonId":"0x%SUBJECT_LOGONID%","ObjectServer":"%OBJECT_SERVER%","ObjectType":"%{19195a5b-6da0-11d0-afd3-00c04fd930c9}","ObjectName":"%OBJECT_NAME%","OperationType":"Object Access","HandleId":"%HANDLEID%","AccessList":"%%7688\r\n\t\t\t\t","AccessMask":"0x100","Properties":"%%7688\r\n\t\t{1131f6aa-9c07-11d1-f79f-00c04fc2dcd2}\r\n\t{19195a5b-6da0-11d0-afd3-00c04fd930c9}\r\n","AdditionalInfo":"-","EventReceivedTime":"%TS%","SourceModuleName":"in","SourceModuleType":"im_msvistalog"}#015
Feb  1 00:00:01 host.internal Microsoft-Windows-Security-Auditing[580]: {"EventTime":"%TS%","Hostname":"host.internal","Keywords":-9214364837600034816,"EventType":"AUDIT_SUCCESS","SeverityValue":2,"Severity":"INFO","EventID":4672,"SourceName":"Microsoft-Windows-Security-Auditing","ProviderGuid":"{54849625-5478-4994-A5BA-3E3B0328C30D}","Version":0,"Task":12545,"OpcodeValue":0,"RecordNumber":24274711,"ProcessID":580,"ThreadID":1452,"Channel":"Security","Message":"Special privileges assigned to new logon.\r\n\r\nSubject:\r\n\tSecurity ID:\t\tS-1-5-21-1086840289-4070117063-4100749663-2807\r\n\tAccount Name:\t\t%SUBJECT_ACCOUNT%\r\n\tAccount Domain:\t\t%SUBJECT_DOMAIN%\r\n\tLogon ID:\t\t0x17bcd9476\r\n\r\nPrivileges:\t\tSeSecurityPrivilege\r\n\t\t\tSeBackupPrivilege\r\n\t\t\tSeRestorePrivilege\r\n\t\t\tSeTakeOwnershipPrivilege\r\n\t\t\tSeDebugPrivilege\r\n\t\t\tSeSystemEnvironmentPrivilege\r\n\t\t\tSeLoadDriverPrivilege\r\n\t\t\tSeImpersonatePrivilege\r\n\t\t\tSeEnableDelegationPrivilege","Category":"Special Logon","Opcode":"Info","SubjectUserSid":"S-1-5-21-1086840289-4070117063-4100749663-2807","SubjectUserName":"%SUBJECT_ACCOUNT%","SubjectDomainName":"%SUBJECT_DOMAIN%","SubjectLogonId":"0x%SUBJECT_LOGONID%","PrivilegeList":"SeSecurityPrivilege\r\n\t\t\tSeBackupPrivilege\r\n\t\t\tSeRestorePrivilege\r\n\t\t\tSeTakeOwnershipPrivilege\r\n\t\t\tSeDebugPrivilege\r\n\t\t\tSeSystemEnvironmentPrivilege\r\n\t\t\tSeLoadDriverPrivilege\r\n\t\t\tSeImpersonatePrivilege\r\n\t\t\tSeEnableDelegationPrivilege","EventReceivedTime":"%TS%","SourceModuleName":"in","SourceModuleType":"im_msvistalog"}#015
Feb  1 00:00:01 host.internal Microsoft-Windows-Security-Auditing[580]: {"EventTime":"%TS%","Hostname":"host.internal","Keywords":-9214364837600034816,"EventType":"AUDIT_SUCCESS","SeverityValue":2,"Severity":"INFO","EventID":4688,"SourceName":"Microsoft-Windows-Security-Auditing","ProviderGuid":"{54849625-5478-4994-A5BA-3E3B0328C30D}","Version":1,"Task":12545,"OpcodeValue":0,"RecordNumber":24274711,"ProcessID":580,"ThreadID":1452,"Channel":"Security","Message":"A new process has been created.\r\n\r\nSubject:\r\n\tSecurity ID:\t\tS-1-5-18\r\n\tAccount Name:\t\t%SUBJECT_ACCOUNT%\r\n\tAccount Domain:\t\t%SUBJECT_DOMAIN%\r\n\tLogon ID:\t\t0x3e7\r\n\r\nProcess Information:\r\n\tNew Process ID:\t\t0x614\r\n\tNew Process Name:\tC:\\Windows\\System32\\dllhost.exe\r\n\tToken Elevation Type:\tTokenElevationTypeDefault (1)\r\n\tCreator Process ID:\t0x2d8\r\n\tProcess Command Line:\t\r\n\r\nToken Elevation Type indicates the type of token that was assigned to the new process in accordance with User Account Control policy.\r\n\r\nType 1 is a full token with no privileges removed or groups disabled.  A full token is only used if User Account Control is disabled or if the user is the built-in Administrator account or a service account.\r\n\r\nType 2 is an elevated token with no privileges removed or groups disabled.  An elevated token is used when User Account Control is enabled and the user chooses to start the program using Run as administrator.  An elevated token is also used when an application is configured to always require administrative privilege or to always require maximum privilege, and the user is a member of the Administrators group.\r\n\r\nType 3 is a limited token with administrative privileges removed and administrative groups disabled.  The limited token is used when User Account Control is enabled, the application does not require administrative privilege, and the user does not choose to start the program using Run as administrator.","Category":"Process Creation","Opcode":"Info","SubjectUserSid":"S-1-5-18","SubjectUserName":"%SUBJECT_ACCOUNT%","SubjectDomainName":"%SUBJECT_DOMAIN%","SubjectLogonId":"0x%SUBJECT_LOGONID%","NewProcessId":"%PROCESS_ID%","NewProcessName":"%PROCESS_NAME%","TokenElevationType":"%%1936","EventReceivedTime":"%TS%","SourceModuleName":"in","SourceModuleType":"im_msvistalog"}#015
Feb  1 00:00:01 host.internal Microsoft-Windows-Security-Auditing[580]: {"EventTime":"%TS%","Hostname":"host.internal","Keywords":-9214364837600034816,"EventType":"AUDIT_SUCCESS","SeverityValue":2,"Severity":"INFO","EventID":4689,"SourceName":"Microsoft-Windows-Security-Auditing","ProviderGuid":"{54849625-5478-4994-A5BA-3E3B0328C30D}","Version":0,"Task":12545,"OpcodeValue":0,"RecordNumber":24274711,"ProcessID":580,"ThreadID":1452,"Channel":"Security","Message":"A process has exited.\r\n\r\nSubject:\r\n\tSecurity ID:\t\tS-1-5-18\r\n\tAccount Name:\t\t%SUBJECT_ACCOUNT%\r\n\tAccount Domain:\t\t%SUBJECT_DOMAIN%\r\n\tLogon ID:\t\t0x3e7\r\n\r\nProcess Information:\r\n\tProcess ID:\t0xf64\r\n\tProcess Name:\tC:\\Windows\\System32\\taskhost.exe\r\n\tExit Status:\t0x0","Category":"Process Termination","Opcode":"Info","SubjectUserSid":"S-1-5-18","SubjectUserName":"%SUBJECT_ACCOUNT%","SubjectDomainName":"%SUBJECT_DOMAIN%","SubjectLogonId":"0x%SUBJECT_LOGONID%","Status":"0x0","ProcessName":"%PROCESS_NAME%","EventReceivedTime":"%TS%","SourceModuleName":"in","SourceModuleType":"im_msvistalog"}#015
Feb  1 00:00:01 host.internal Microsoft-Windows-Security-Auditing[580]: {"EventTime":"%TS%","Hostname":"host.internal","Keywords":-9214364837600034816,"EventType":"AUDIT_SUCCESS","SeverityValue":2,"Severity":"INFO","EventID":4720,"SourceName":"Microsoft-Windows-Security-Auditing","ProviderGuid":"{54849625-5478-4994-A5BA-3E3B0328C30D}","Version":0,"Task":12545,"OpcodeValue":0,"RecordNumber":24274711,"ProcessID":580,"ThreadID":1452,"Channel":"Security","Message":"A user account was created.\r\n\r\nSubject:\r\n\tSecurity ID:\t\tS-1-5-21-1086840289-4070117063-4100749663-5716\r\n\tAccount Name:\t\t%SUBJECT_ACCOUNT%\r\n\tAccount Domain:\t\t%SUBJECT_DOMAIN%\r\n\tLogon ID:\t\t0x1cbb84b9\r\n\r\nNew Account:\r\n\tSecurity ID:\t\tS-1-5-21-1086840289-4070117063-4100749663-3525\r\n\tAccount Name:\t\t%TARGET_ACCOUNT%\r\n\tAccount Domain:\t\t%TARGET_DOMAIN%\r\n\r\nAttributes:\r\n\tSAM Account Name:\tBrandy.Zickefoose\r\n\tDisplay Name:\t\tBrandy Zickefoose\r\n\tUser Principal Name:\tBrandy.Zickefoose@sstech.internal\r\n\tHome Directory:\t\t-\r\n\tHome Drive:\t\t-\r\n\tScript Path:\t\t-\r\n\tProfile Path:\t\t-\r\n\tUser Workstations:\t-\r\n\tPassword Last Set:\t<never>\r\n\tAccount Expires:\t\t<never>\r\n\tPrimary Group ID:\t513\r\n\tAllowed To Delegate To:\t-\r\n\tOld UAC Value:\t\t0x0\r\n\tNew UAC Value:\t\t0x15\r\n\tUser Account Control:\t\r\n\t\tAccount Disabled\r\n\t\t'Password Not Required' - Enabled\r\n\t\t'Normal Account' - Enabled\r\n\tUser Parameters:\t-\r\n\tSID History:\t\t-\r\n\tLogon Hours:\t\t<value not set>\r\n\r\nAdditional Information:\r\n\tPrivileges\t\t-","Category":"User Account Management","Opcode":"Info","TargetUserName":"%TARGET_ACCOUNT%","TargetDomainName":"%TARGET_DOMAIN%","TargetSid":"S-1-5-21-1086840289-4070117063-4100749663-3525","SubjectUserSid":"S-1-5-21-1086840289-4070117063-4100749663-5716","SubjectUserName":"%SUBJECT_ACCOUNT%","SubjectDomainName":"%SUBJECT_DOMAIN%","SubjectLogonId":"0x%SUBJECT_LOGONID%","PrivilegeList":"-","SamAccountName":"-SamAccountName","DisplayName":"-DisplayName","UserPrincipalName":"-UserPrincipalName","HomeDirectory":"-","HomePath":"-","ScriptPath":"-","ProfilePath":"-","UserWorkstations":"-","PasswordLastSet":"%%1794","AccountExpires":"%%1794","PrimaryGroupId":"513","AllowedToDelegateTo":"-","OldUacValue":"0x0","NewUacValue":"0x15","UserAccountControl":"\r\n\t\t%%2080\r\n\t\t%%2082\r\n\t\t%%2084","UserParameters":"-","SidHistory":"-","LogonHours":"%%1793","EventReceivedTime":"%TS%","SourceModuleName":"in","SourceModuleType":"im_msvistalog"}#015
Feb  1 00:00:01 host.internal Microsoft-Windows-Security-Auditing[580]: {"EventTime":"%TS%","Hostname":"host.internal","Keywords":-9214364837600034816,"EventType":"AUDIT_SUCCESS","SeverityValue":2,"Severity":"INFO","EventID":4722,"SourceName":"Microsoft-Windows-Security-Auditing","ProviderGuid":"{54849625-5478-4994-A5BA-3E3B0328C30D}","Version":0,"Task":12545,"OpcodeValue":0,"RecordNumber":24274711,"ProcessID":580,"ThreadID":1452,"Channel":"Security","Message":"A user account was enabled.\r\n\r\nSubject:\r\n\tSecurity ID:\t\tS-1-5-21-1086840289-4070117063-4100749663-5716\r\n\tAccount Name:\t\t%SUBJECT_ACCOUNT%\r\n\tAccount Domain:\t\t%SUBJECT_DOMAIN%\r\n\tLogon ID:\t\t0x1cbb84b9\r\n\r\nTarget Account:\r\n\tSecurity ID:\t\tS-1-5-21-1086840289-4070117063-4100749663-3525\r\n\tAccount Name:\t\t%TARGET_ACCOUNT%\r\n\tAccount Domain:\t\t%TARGET_DOMAIN%","Category":"User Account Management","Opcode":"Info","TargetUserName":"%TARGET_ACCOUNT%","TargetDomainName":"%TARGET_DOMAIN%","TargetSid":"S-1-5-21-1086840289-4070117063-4100749663-3525","SubjectUserSid":"S-1-5-21-1086840289-4070117063-4100749663-5716","SubjectUserName":"%SUBJECT_ACCOUNT%","SubjectDomainName":"%SUBJECT_DOMAIN%","SubjectLogonId":"0x%SUBJECT_LOGONID%","EventReceivedTime":"%TS%","SourceModuleName":"in","SourceModuleType":"im_msvistalog"}#015
Feb  1 00:00:01 host.internal Microsoft-Windows-Security-Auditing[580]: {"EventTime":"%TS%","Hostname":"host.internal","Keywords":-9214364837600034816,"EventType":"AUDIT_SUCCESS","SeverityValue":2,"Severity":"INFO","EventID":4724,"SourceName":"Microsoft-Windows-Security-Auditing","ProviderGuid":"{54849625-5478-4994-A5BA-3E3B0328C30D}","Version":0,"Task":12545,"OpcodeValue":0,"RecordNumber":24274711,"ProcessID":580,"ThreadID":1452,"Channel":"Security","Message":"An attempt was made to reset an account's password.\r\n\r\nSubject:\r\n\tSecurity ID:\t\tS-1-5-21-1086840289-4070117063-4100749663-5716\r\n\tAccount Name:\t\t%SUBJECT_ACCOUNT%\r\n\tAccount Domain:\t\t%SUBJECT_DOMAIN%\r\n\tLogon ID:\t\t0x1cc1ce42\r\n\r\nTarget Account:\r\n\tSecurity ID:\t\tS-1-5-21-1086840289-4070117063-4100749663-3525\r\n\tAccount Name:\t\t%TARGET_ACCOUNT%\r\n\tAccount Domain:\t\t%TARGET_DOMAIN%","Category":"User Account Management","Opcode":"Info","TargetUserName":"%TARGET_ACCOUNT%","TargetDomainName":"%TARGET_DOMAIN%","TargetSid":"S-1-5-21-1086840289-4070117063-4100749663-3525","SubjectUserSid":"S-1-5-21-1086840289-4070117063-4100749663-5716","SubjectUserName":"%SUBJECT_ACCOUNT%","SubjectDomainName":"%SUBJECT_DOMAIN%","SubjectLogonId":"0x%SUBJECT_LOGONID%","EventReceivedTime":"%TS%","SourceModuleName":"in","SourceModuleType":"im_msvistalog"}#015
Feb  1 00:00:01 host.internal Microsoft-Windows-Security-Auditing[580]: {"EventTime":"%TS%","Hostname":"host.internal","Keywords":-9214364837600034816,"EventType":"AUDIT_SUCCESS","SeverityValue":2,"Severity":"INFO","EventID":4725,"SourceName":"Microsoft-Windows-Security-Auditing","ProviderGuid":"{54849625-5478-4994-A5BA-3E3B0328C30D}","Version":0,"Task":12545,"OpcodeValue":0,"RecordNumber":24274711,"ProcessID":580,"ThreadID":1452,"Channel":"Security","Message":"A user account was disabled.\r\n\r\nSubject:\r\n\tSecurity ID:\t\tS-1-5-21-1086840289-4070117063-4100749663-5716\r\n\tAccount Name:\t\t%SUBJECT_ACCOUNT%\r\n\tAccount Domain:\t\t%SUBJECT_DOMAIN%\r\n\tLogon ID:\t\t0x122d25cdb\r\n\r\nTarget Account:\r\n\tSecurity ID:\t\tS-1-5-21-1086840289-4070117063-4100749663-6141\r\n\tAccount Name:\t\t%TARGET_ACCOUNT%\r\n\tAccount Domain:\t\t%TARGET_DOMAIN%","Category":"User Account Management","Opcode":"Info","TargetUserName":"%TARGET_ACCOUNT%","TargetDomainName":"%TARGET_DOMAIN%","TargetSid":"S-1-5-21-1086840289-4070117063-4100749663-6141","SubjectUserSid":"S-1-5-21-1086840289-4070117063-4100749663-5716","SubjectUserName":"%SUBJECT_ACCOUNT%","SubjectDomainName":"%SUBJECT_DOMAIN%","SubjectLogonId":"0x%SUBJECT_LOGONID%","EventReceivedTime":"%TS%","SourceModuleName":"in","SourceModuleType":"im_msvistalog"}#015
Feb  1 00:00:01 host.internal Microsoft-Windows-Security-Auditing[580]: {"EventTime":"%TS%","Hostname":"host.internal","Keywords":-9214364837600034816,"EventType":"AUDIT_SUCCESS","SeverityValue":2,"Severity":"INFO","EventID":4726,"SourceName":"Microsoft-Windows-Security-Auditing","ProviderGuid":"{54849625-5478-4994-A5BA-3E3B0328C30D}","Version":0,"Task":12545,"OpcodeValue":0,"RecordNumber":24274711,"ProcessID":580,"ThreadID":1452,"Channel":"Security","Message":"A user account was deleted.\r\n\r\nSubject:\r\n\tSecurity ID:\t\tS-1-5-21-1086840289-4070117063-4100749663-5716\r\n\tAccount Name:\t\t%SUBJECT_ACCOUNT%\r\n\tAccount Domain:\t\t%SUBJECT_DOMAIN%\r\n\tLogon ID:\t\t0xbbd91f7\r\n\r\nTarget Account:\r\n\tSecurity ID:\t\tS-1-5-21-1086840289-4070117063-4100749663-3513\r\n\tAccount Name:\t\t%TARGET_ACCOUNT%\r\n\tAccount Domain:\t\t%TARGET_DOMAIN%\r\n\r\nAdditional Information:\r\n\tPrivileges\t-","Category":"User Account Management","Opcode":"Info","TargetUserName":"%TARGET_ACCOUNT%","TargetDomainName":"%TARGET_DOMAIN%","TargetSid":"S-1-5-21-1086840289-4070117063-4100749663-3513","SubjectUserSid":"S-1-5-21-1086840289-4070117063-4100749663-5716","SubjectUserName":"%SUBJECT_ACCOUNT%","SubjectDomainName":"%SUBJECT_DOMAIN%","SubjectLogonId":"0x%SUBJECT_LOGONID%","PrivilegeList":"-","EventReceivedTime":"%TS%","SourceModuleName":"in","SourceModuleType":"im_msvistalog"}#015
Feb  1 00:00:01 host.internal Microsoft-Windows-Security-Auditing[580]: {"EventTime":"%TS%","Hostname":"host.internal","Keywords":-9214364837600034816,"EventType":"AUDIT_SUCCESS","SeverityValue":2,"Severity":"INFO","EventID":4728,"SourceName":"Microsoft-Windows-Security-Auditing","ProviderGuid":"{54849625-5478-4994-A5BA-3E3B0328C30D}","Version":0,"Task":12545,"OpcodeValue":0,"RecordNumber":24274711,"ProcessID":580,"ThreadID":1452,"Channel":"Security","Message":"A member was added to a security-enabled global group.\r\n\r\nSubject:\r\n\tSecurity ID:\t\tS-1-5-21-1086840289-4070117063-4100749663-5716\r\n\tAccount Name:\t\t%SUBJECT_ACCOUNT%\r\n\tAccount Domain:\t\t%SUBJECT_DOMAIN%\r\n\tLogon ID:\t\t0x1cbb84b9\r\n\r\nMember:\r\n\tSecurity ID:\t\tS-1-5-21-1086840289-4070117063-4100749663-3229\r\n\tAccount Name:\t\t%TARGET_ACCOUNT%\r\n\r\nGroup:\r\n\tSecurity ID:\t\tS-1-5-21-1086840289-4070117063-4100749663-3237\r\n\tGroup Name:\t\tSSLVPN-Users\r\n\tGroup Domain:\t\t%TARGET_DOMAIN%\r\n\r\nAdditional Information:\r\n\tPrivileges:\t\t-","Category":"Security Group Management","Opcode":"Info","MemberName":"-MemberName","MemberSid":"S-1-5-21-1086840289-4070117063-4100749663-3229","TargetUserName":"%TARGET_ACCOUNT%","TargetDomainName":"%TARGET_DOMAIN%","TargetSid":"S-1-5-21-1086840289-4070117063-4100749663-3237","SubjectUserSid":"S-1-5-21-1086840289-4070117063-4100749663-5716","SubjectUserName":"%SUBJECT_ACCOUNT%","SubjectDomainName":"%SUBJECT_DOMAIN%","SubjectLogonId":"0x%SUBJECT_LOGONID%","PrivilegeList":"-","EventReceivedTime":"%TS%","SourceModuleName":"in","SourceModuleType":"im_msvistalog"}#015
Feb  1 00:00:01 host.internal Microsoft-Windows-Security-Auditing[580]: {"EventTime":"%TS%","Hostname":"host.internal","Keywords":-9214364837600034816,"EventType":"AUDIT_SUCCESS","SeverityValue":2,"Severity":"INFO","EventID":4729,"SourceName":"Microsoft-Windows-Security-Auditing","ProviderGuid":"{54849625-5478-4994-A5BA-3E3B0328C30D}","Version":0,"Task":12545,"OpcodeValue":0,"RecordNumber":24274711,"ProcessID":580,"ThreadID":1452,"Channel":"Security","Message":"A member was removed from a security-enabled global group.\r\n\r\nSubject:\r\n\tSecurity ID:\t\tS-1-5-21-1086840289-4070117063-4100749663-3256\r\n\tAccount Name:\t\%SUBJECT_ACCOUNT%\r\n\tAccount Domain:\t\t%SUBJECT_DOMAIN%\r\n\tLogon ID:\t\t0x2baa0eb6\r\n\r\nMember:\r\n\tSecurity ID:\t\tS-1-5-21-1086840289-4070117063-4100749663-3529\r\n\tAccount Name:\t\t%TARGET_ACCOUNT%\r\n\r\nGroup:\r\n\tSecurity ID:\t\tS-1-5-21-1086840289-4070117063-4100749663-3237\r\n\tGroup Name:\t\tSSLVPN-Users\r\n\tGroup Domain:\t\t%TARGET_DOMAIN%\r\n\r\nAdditional Information:\r\n\tPrivileges:\t\t-","Category":"Security Group Management","Opcode":"Info","MemberName":"-MemberName","MemberSid":"S-1-5-21-1086840289-4070117063-4100749663-3529","TargetUserName":"%TARGET_ACCOUNT%","TargetDomainName":"%TARGET_DOMAIN%","TargetSid":"S-1-5-21-1086840289-4070117063-4100749663-3237","SubjectUserSid":"S-1-5-21-1086840289-4070117063-4100749663-3256","SubjectUserName":"%SUBJECT_ACCOUNT%","SubjectDomainName":"%SUBJECT_DOMAIN%","SubjectLogonId":"0x%SUBJECT_LOGONID%","PrivilegeList":"-","EventReceivedTime":"%TS%","SourceModuleName":"in","SourceModuleType":"im_msvistalog"}#015
Feb  1 00:00:01 host.internal Microsoft-Windows-Security-Auditing[580]: {"EventTime":"%TS%","Hostname":"host.internal","Keywords":-9214364837600034816,"EventType":"AUDIT_SUCCESS","SeverityValue":2,"Severity":"INFO","EventID":4737,"SourceName":"Microsoft-Windows-Security-Auditing","ProviderGuid":"{54849625-5478-4994-A5BA-3E3B0328C30D}","Version":0,"Task":12545,"OpcodeValue":0,"RecordNumber":24274711,"ProcessID":580,"ThreadID":1452,"Channel":"Security","Message":"A security-enabled global group was changed.\r\n\r\nSubject:\r\n\tSecurity ID:\t\tS-1-5-21-1086840289-4070117063-4100749663-5716\r\n\tAccount Name:\t\t%SUBJECT_ACCOUNT%\r\n\tAccount Domain:\t\t%SUBJECT_DOMAIN%\r\n\tLogon ID:\t\t0x1cbb84b9\r\n\r\nGroup:\r\n\tSecurity ID:\t\tS-1-5-21-1086840289-4070117063-4100749663-3237\r\n\tGroup Name:\t\tSSLVPN-Users\r\n\tGroup Domain:\t\t%TARGET_DOMAIN%\r\n\r\nChanged Attributes:\r\n\tSAM Account Name:\t-\r\n\tSID History:\t\t-\r\n\r\nAdditional Information:\r\n\tPrivileges:\t\t-","Category":"Security Group Management","Opcode":"Info","TargetUserName":"%TARGET_ACCOUNT%","TargetDomainName":"%TARGET_DOMAIN%","TargetSid":"S-1-5-21-1086840289-4070117063-4100749663-3237","SubjectUserSid":"S-1-5-21-1086840289-4070117063-4100749663-5716","SubjectUserName":"%SUBJECT_ACCOUNT%","SubjectDomainName":"%SUBJECT_DOMAIN%","SubjectLogonId":"0x%SUBJECT_LOGONID%","PrivilegeList":"-","SamAccountName":"-","SidHistory":"-","EventReceivedTime":"%TS%","SourceModuleName":"in","SourceModuleType":"im_msvistalog"}#015
Feb  1 00:00:01 host.internal Microsoft-Windows-Security-Auditing[580]: {"EventTime":"%TS%","Hostname":"host.internal","Keywords":-9214364837600034816,"EventType":"AUDIT_SUCCESS","SeverityValue":2,"Severity":"INFO","EventID":4738,"SourceName":"Microsoft-Windows-Security-Auditing","ProviderGuid":"{54849625-5478-4994-A5BA-3E3B0328C30D}","Version":0,"Task":12545,"OpcodeValue":0,"RecordNumber":24274711,"ProcessID":580,"ThreadID":1452,"Channel":"Security","Message":"A user account was changed.\r\n\r\nSubject:\r\n\tSecurity ID:\t\tS-1-5-7\r\n\tAccount Name:\t\t%SUBJECT_ACCOUNT%\r\n\tAccount Domain:\t\t%SUBJECT_DOMAIN%\r\n\tLogon ID:\t\t0x3e6\r\n\r\nTarget Account:\r\n\tSecurity ID:\t\tS-1-5-21-1086840289-4070117063-4100749663-3525\r\n\tAccount Name:\t\t%TARGET_ACCOUNT%\r\n\tAccount Domain:\t\t%TARGET_DOMAIN%\r\n\r\nChanged Attributes:\r\n\tSAM Account Name:\t-\r\n\tDisplay Name:\t\t-\r\n\tUser Principal Name:\t-\r\n\tHome Directory:\t\t-\r\n\tHome Drive:\t\t-\r\n\tScript Path:\t\t-\r\n\tProfile Path:\t\t-\r\n\tUser Workstations:\t-\r\n\tPassword Last Set:\t2/1/2017 9:23:20 AM\r\n\tAccount Expires:\t\t-\r\n\tPrimary Group ID:\t-\r\n\tAllowedToDelegateTo:\t-\r\n\tOld UAC Value:\t\t-\r\n\tNew UAC Value:\t\t-\r\n\tUser Account Control:\t-\r\n\tUser Parameters:\t-\r\n\tSID History:\t\t-\r\n\tLogon Hours:\t\t-\r\n\r\nAdditional Information:\r\n\tPrivileges:\t\t-","Category":"User Account Management","Opcode":"Info","Dummy":"-","TargetUserName":"%TARGET_ACCOUNT%","TargetDomainName":"%TARGET_DOMAIN%","TargetSid":"S-1-5-21-1086840289-4070117063-4100749663-3525","SubjectUserSid":"S-1-5-7","SubjectUserName":"%SUBJECT_ACCOUNT%","SubjectDomainName":"%SUBJECT_DOMAIN%","SubjectLogonId":"0x%SUBJECT_LOGONID%","PrivilegeList":"-","SamAccountName":"-","DisplayName":"-","UserPrincipalName":"-","HomeDirectory":"-","HomePath":"-","ScriptPath":"-","ProfilePath":"-","UserWorkstations":"-","PasswordLastSet":"2/1/2017 9:23:20 AM","AccountExpires":"-","PrimaryGroupId":"-","AllowedToDelegateTo":"-","OldUacValue":"-","NewUacValue":"-","UserAccountControl":"-","UserParameters":"-","SidHistory":"-","LogonHours":"-","EventReceivedTime":"%TS%","SourceModuleName":"in","SourceModuleType":"im_msvistalog"}#015
Feb  1 00:00:01 host.internal Microsoft-Windows-Security-Auditing[580]: {"EventTime":"%TS%","Hostname":"host.internal","Keywords":-9214364837600034816,"EventType":"AUDIT_SUCCESS","SeverityValue":2,"Severity":"INFO","EventID":4740,"SourceName":"Microsoft-Windows-Security-Auditing","ProviderGuid":"{54849625-5478-4994-A5BA-3E3B0328C30D}","Version":0,"Task":12545,"OpcodeValue":0,"RecordNumber":24274711,"ProcessID":580,"ThreadID":1452,"Channel":"Security","Message":"A user account was locked out.\r\n\r\nSubject:\r\n\tSecurity ID:\t\tS-1-5-18\r\n\tAccount Name:\t\t%SUBJECT_ACCOUNT%\r\n\tAccount Domain:\t\t%SUBJECT_DOMAIN%\r\n\tLogon ID:\t\t0x3e7\r\n\r\nAccount That Was Locked Out:\r\n\tSecurity ID:\t\tS-1-5-21-1086840289-4070117063-4100749663-3353\r\n\tAccount Name:\t\t%TARGET_ACCOUNT%\r\n\r\nAdditional Information:\r\n\tCaller Computer Name:\tSSTECHVEMSVR","Category":"User Account Management","Opcode":"Info","TargetUserName":"%TARGET_ACCOUNT%","TargetDomainName":"%TARGET_DOMAIN%","TargetSid":"S-1-5-21-1086840289-4070117063-4100749663-3353","SubjectUserSid":"S-1-5-18","SubjectUserName":"%SUBJECT_ACCOUNT%","SubjectDomainName":"%SUBJECT_DOMAIN%","SubjectLogonId":"0x%SUBJECT_LOGONID%","EventReceivedTime":"%TS%","SourceModuleName":"in","SourceModuleType":"im_msvistalog"}#015
Feb  1 00:00:01 host.internal Microsoft-Windows-Security-Auditing[580]: {"EventTime":"%TS%","Hostname":"host.internal","Keywords":-9214364837600034816,"EventType":"AUDIT_SUCCESS","SeverityValue":2,"Severity":"INFO","EventID":4767,"SourceName":"Microsoft-Windows-Security-Auditing","ProviderGuid":"{54849625-5478-4994-A5BA-3E3B0328C30D}","Version":0,"Task":12545,"OpcodeValue":0,"RecordNumber":24274711,"ProcessID":580,"ThreadID":1452,"Channel":"Security","Message":"A user account was unlocked.\r\n\r\nSubject:\r\n\tSecurity ID:\t\tS-1-5-21-1086840289-4070117063-4100749663-1416\r\n\tAccount Name:\t\t%SUBJECT_ACCOUNT%\r\n\tAccount Domain:\t\t%SUBJECT_DOMAIN%\r\n\tLogon ID:\t\t0x18fe1406\r\n\r\nTarget Account:\r\n\tSecurity ID:\t\tS-1-5-21-1086840289-4070117063-4100749663-3338\r\n\tAccount Name:\t\t%TARGET_ACCOUNT%\r\n\tAccount Domain:\t\t%TARGET_DOMAIN%","Category":"User Account Management","Opcode":"Info","TargetUserName":"%TARGET_ACCOUNT%","TargetDomainName":"%TARGET_DOMAIN%","TargetSid":"S-1-5-21-1086840289-4070117063-4100749663-3338","SubjectUserSid":"S-1-5-21-1086840289-4070117063-4100749663-1416","SubjectUserName":"%SUBJECT_ACCOUNT%","SubjectDomainName":"%SUBJECT_DOMAIN%","SubjectLogonId":"0x%SUBJECT_LOGONID%","EventReceivedTime":"%TS%","SourceModuleName":"in","SourceModuleType":"im_msvistalog"}#015
Feb  1 00:00:01 host.internal Microsoft-Windows-Security-Auditing[580]: {"EventTime":"%TS%","Hostname":"host.internal","Keywords":-9214364837600034816,"EventType":"AUDIT_SUCCESS","SeverityValue":2,"Severity":"INFO","EventID":4781,"SourceName":"Microsoft-Windows-Security-Auditing","ProviderGuid":"{54849625-5478-4994-A5BA-3E3B0328C30D}","Version":0,"Task":12545,"OpcodeValue":0,"RecordNumber":24274711,"ProcessID":580,"ThreadID":1452,"Channel":"Security","Message":"The name of an account was changed:\r\n\r\nSubject:\r\n\tSecurity ID:\t\tS-1-5-21-1086840289-4070117063-4100749663-3454\r\n\tAccount Name:\t\t%SUBJECT_ACCOUNT%\r\n\tAccount Domain:\t\t%SUBJECT_DOMAIN%\r\n\tLogon ID:\t\t0x%SUBJECT_LOGONID%\r\n\r\nTarget Account:\r\n\tSecurity ID:\t\tS-1-5-21-1086840289-4070117063-4100749663-4661\r\n\tAccount Domain:\t\t%TARGET_DOMAIN%\r\n\tOld Account Name:\t%OLD_TARGET_ACCOUNT%\r\n\tNew Account Name:\t%NEW_TARGET_ACCOUNT%\r\n\r\nAdditional Information:\r\n\tPrivileges:\t\t-","Category":"User Account Management","Opcode":"Info","OldTargetUserName":"%OLD_TARGET_ACCOUNT%","NewTargetUserName":"%NEW_TARGET_ACCOUNT%","TargetDomainName":"%TARGET_DOMAIN%","TargetSid":"S-1-5-21-1086840289-4070117063-4100749663-4661","SubjectUserSid":"S-1-5-21-1086840289-4070117063-4100749663-3454","SubjectUserName":"%SUBJECT_ACCOUNT%","SubjectDomainName":"%SUBJECT_DOMAIN%","SubjectLogonId":"0x%SUBJECT_LOGONID%","PrivilegeList":"-","EventReceivedTime":"%TS%","SourceModuleName":"in","SourceModuleType":"im_msvistalog"}#015
Feb  1 00:00:01 host.internal Microsoft-Windows-Security-Auditing[580]: {"EventTime":"%TS%","Hostname":"host.internal","Keywords":-9214364837600034816,"EventType":"AUDIT_SUCCESS","SeverityValue":2,"Severity":"INFO","EventID":5024,"SourceName":"Microsoft-Windows-Security-Auditing","ProviderGuid":"{54849625-5478-4994-A5BA-3E3B0328C30D}","Version":0,"Task":12545,"OpcodeValue":0,"RecordNumber":24274711,"ProcessID":580,"ThreadID":1452,"Channel":"Security","Message":"The Windows Firewall service started successfully.","Category":"Other System Events","Opcode":"Info","EventReceivedTime":"%TS%","SourceModuleName":"in","SourceModuleType":"im_msvistalog"}#015
Feb  1 00:00:01 host.internal Microsoft-Windows-Security-Auditing[580]: {"EventTime":"%TS%","Hostname":"host.internal","Keywords":-9214364837600034816,"EventType":"AUDIT_SUCCESS","SeverityValue":2,"Severity":"INFO","EventID":5033,"SourceName":"Microsoft-Windows-Security-Auditing","ProviderGuid":"{54849625-5478-4994-A5BA-3E3B0328C30D}","Version":0,"Task":12545,"OpcodeValue":0,"RecordNumber":24274711,"ProcessID":580,"ThreadID":1452,"Channel":"Security","Message":"The Windows Firewall Driver started successfully.","Category":"Other System Events","Opcode":"Info","EventReceivedTime":"%TS%","SourceModuleName":"in","SourceModuleType":"im_msvistalog"}#015
Feb  1 00:00:01 host.internal Microsoft-Windows-Security-Auditing[580]: {"EventTime":"%TS%","Hostname":"host.internal","Keywords":-9214364837600034816,"EventType":"AUDIT_SUCCESS","SeverityValue":2,"Severity":"INFO","EventID":5478,"SourceName":"Microsoft-Windows-Security-Auditing","ProviderGuid":"{54849625-5478-4994-A5BA-3E3B0328C30D}","Version":0,"Task":12545,"OpcodeValue":0,"RecordNumber":24274711,"ProcessID":580,"ThreadID":1452,"Channel":"Security","Message":"The IPsec Policy Agent service was started.","Category":"IPsec Driver","Opcode":"Info","EventReceivedTime":"%TS%","SourceModuleName":"in","SourceModuleType":"im_msvistalog"}#015
May 31 21:01:40 SSTECHFILE07.sstech.internal Microsoft-Windows-Security-Auditing[628]: {"EventTime":"%TS%","Hostname":"SSTECHFILE07.sstech.internal","Keywords":-9214364837600034816,"EventType":"AUDIT_SUCCESS","SeverityValue":2,"Severity":"INFO","EventID":4656,"SourceName":"Microsoft-Windows-Security-Auditing","ProviderGuid":"{54849625-5478-4994-A5BA-3E3B0328C30D}","Version":1,"Task":12804,"OpcodeValue":0,"RecordNumber":234577495,"ProcessID":628,"ThreadID":644,"Channel":"Security","Message":"A handle to an object was requested.\r\n\r\nSubject:\r\n\tSecurity ID:\t\tS-1-5-18\r\n\tAccount Name:\t\t%SUBJECT_ACCOUNT%\r\n\tAccount Domain:\t\t%TARGET_DOMAIN%\r\n\tLogon ID:\t\t0x3e7\r\n\r\nObject:\r\n\tObject Server:\t\t%OBJECT_SERVER%\r\n\tObject Type:\t\tSecurity\r\n\tObject Name:\t\t%OBJECT_NAME%\r\n\tHandle ID:\t\t%HANDLEID%\r\n\r\nProcess Information:\r\n\tProcess ID:\t\t%PROCESS_ID%\r\n\tProcess Name:\t\tC:\\Windows\\System32\\svchost.exe\r\n\r\nAccess Request Information:\r\n\tTransaction ID:\t\t{00000000-0000-0000-0000-000000000000}\r\n\tAccesses:\t\tUnknown specific access (bit 1)\r\n\t\t\t\t\r\n\tAccess Reasons:\t\t-\r\n\tAccess Mask:\t\t0x2\r\n\tPrivileges Used for Access Check:\t-\r\n\tRestricted SID Count:\t0","Category":"Other Object Access Events","Opcode":"Info","SubjectUserSid":"S-1-5-18","SubjectUserName":"%SUBJECT_ACCOUNT%","SubjectDomainName":"%SUBJECT_DOMAIN%","SubjectLogonId":"0x3e7","ObjectServer":"%OBJECT_SERVER%","ObjectType":"Security","ObjectName":"%OBJECT_NAME%","HandleId":"%HANDLEID%","TransactionId":"{00000000-0000-0000-0000-000000000000}","AccessList":"%%1553\r\n\t\t\t\t","AccessReason":"-","AccessMask":"0x2","PrivilegeList":"-","RestrictedSidCount":"0","ProcessName":"%PROCESS_NAME%","EventReceivedTime":"%TS%","SourceModuleName":"in","SourceModuleType":"im_msvistalog"}#015
May 31 21:01:40 SSTECHFILE07.sstech.internal Microsoft-Windows-Security-Auditing[4]: {"EventTime":"%TS%","Hostname":"SSTECHFILE07.sstech.internal","Keywords":-9214364837600034816,"EventType":"AUDIT_SUCCESS","SeverityValue":2,"Severity":"INFO","EventID":4658,"SourceName":"Microsoft-Windows-Security-Auditing","ProviderGuid":"{54849625-5478-4994-A5BA-3E3B0328C30D}","Version":0,"Task":12801,"OpcodeValue":0,"RecordNumber":234577515,"ProcessID":4,"ThreadID":72,"Channel":"Security","Message":"The handle to an object was closed.\r\n\r\nSubject :\r\n\tSecurity ID:\t\tS-1-5-21-1086840289-4070117063-4100749663-5716\r\n\tAccount Name:\t\t%SUBJECT_ACCOUNT%\r\n\tAccount Domain:\t\t%TARGET_DOMAIN%\r\n\tLogon ID:\t\t0x4931419c\r\n\r\nObject:\r\n\tObject Server:\t\t%OBJECT_SERVER%\r\n\tHandle ID:\t\t%HANDLEID%\r\n\r\nProcess Information:\r\n\tProcess ID:\t\t%PROCESS_ID%\r\n\tProcess Name:\t\tC:\\Windows\\System32\\mmc.exe","Category":"Registry","Opcode":"Info","SubjectUserSid":"S-1-5-21-1086840289-4070117063-4100749663-5716","SubjectUserName":"%SUBJECT_ACCOUNT%","SubjectDomainName":"%SUBJECT_DOMAIN%","SubjectLogonId":"0x4931419c","ObjectServer":"%OBJECT_SERVER%","HandleId":"%HANDLEID%","ProcessName":"%PROCESS_NAME%","EventReceivedTime":"%TS%","SourceModuleName":"in","SourceModuleType":"im_msvistalog"}#015
Jun  4 10:04:31 SSTECHFILE07.sstech.internal Microsoft-Windows-Security-Auditing[4]: {"EventTime":"%TS%","Hostname":"SSTECHFILE07.sstech.internal","Keywords":-9214364837600034816,"EventType":"AUDIT_SUCCESS","SeverityValue":2,"Severity":"INFO","EventID":4659,"SourceName":"Microsoft-Windows-Security-Auditing","ProviderGuid":"{54849625-5478-4994-A5BA-3E3B0328C30D}","Version":0,"Task":12800,"OpcodeValue":0,"RecordNumber":235821289,"ProcessID":4,"ThreadID":68,"Channel":"Security","Message":"A handle to an object was requested with intent to delete.\r\n\r\nSubject:\r\n\tSecurity ID:\t\tS-1-5-21-1086840289-4070117063-4100749663-2688\r\n\tAccount Name:\t\t%SUBJECT_ACCOUNT%\r\n\tAccount Domain:\t\t%TARGET_DOMAIN%\r\n\tLogon ID:\t\t0x5a8a4f63\r\n\r\nObject:\r\n\tObject Server:\t%OBJECT_SERVER%\r\n\tObject Type:\tFile\r\n\tObject Name:\tE:\\SSTECH Forms\\Employee Resources\\Corporate Contact List - May 2018.pdf\r\n\tHandle ID:\t%HANDLEID%\r\n\r\nProcess Information:\r\n\tProcess ID:\t%PROCESS_ID%\r\n\r\nAccess Request Information:\r\n\tTransaction ID:\t{00000000-0000-0000-0000-000000000000}\r\n\tAccesses:\tDELETE\r\n\t\t\t\tReadAttributes\r\n\t\t\t\t\r\n\tAccess Mask:\t0x10080\r\n\tPrivileges Used for Access Check:\t-","Category":"File System","Opcode":"Info","SubjectUserSid":"S-1-5-21-1086840289-4070117063-4100749663-2688","SubjectUserName":"%SUBJECT_ACCOUNT%","SubjectDomainName":"%SUBJECT_DOMAIN%","SubjectLogonId":"0x5a8a4f63","ObjectServer":"%OBJECT_SERVER%","ObjectType":"File","ObjectName":"%OBJECT_NAME%","HandleId":"%HANDLEID%","TransactionId":"{00000000-0000-0000-0000-000000000000}","AccessList":"%%1537\r\n\t\t\t\t%%4423\r\n\t\t\t\t","AccessMask":"0x10080","PrivilegeList":"-","EventReceivedTime":"%TS%","SourceModuleName":"in","SourceModuleType":"im_msvistalog"}#015
Jun  4 10:12:00 SSTECHFILE07.sstech.internal Microsoft-Windows-Security-Auditing[4]: {"EventTime":"%TS%","Hostname":"SSTECHFILE07.sstech.internal","Keywords":-9214364837600034816,"EventType":"AUDIT_SUCCESS","SeverityValue":2,"Severity":"INFO","EventID":4660,"SourceName":"Microsoft-Windows-Security-Auditing","ProviderGuid":"{54849625-5478-4994-A5BA-3E3B0328C30D}","Version":0,"Task":12800,"OpcodeValue":0,"RecordNumber":235828966,"ProcessID":4,"ThreadID":80,"Channel":"Security","Message":"An object was deleted.\r\n\r\nSubject:\r\n\tSecurity ID:\t\tS-1-5-21-1086840289-4070117063-4100749663-21137\r\n\tAccount Name:\t\t%SUBJECT_ACCOUNT%\r\n\tAccount Domain:\t\t%TARGET_DOMAIN%\r\n\tLogon ID:\t\t0x5a8eaa38\r\n\r\nObject:\r\n\tObject Server:\t%OBJECT_SERVER%\r\n\tHandle ID:\t%HANDLEID%\r\n\r\nProcess Information:\r\n\tProcess ID:\t%PROCESS_ID%\r\n\tProcess Name:\t\r\n\tTransaction ID:\t{00000000-0000-0000-0000-000000000000}","Category":"File System","Opcode":"Info","SubjectUserSid":"S-1-5-21-1086840289-4070117063-4100749663-21137","SubjectUserName":"%SUBJECT_ACCOUNT%","SubjectDomainName":"%SUBJECT_DOMAIN%","SubjectLogonId":"0x5a8eaa38","ObjectServer":"%OBJECT_SERVER%","HandleId":"%HANDLEID%","ProcessName'/><Data Name='TransactionId":"{00000000-0000-0000-0000-000000000000}","EventReceivedTime":"%TS%","SourceModuleName":"in","SourceModuleType":"im_msvistalog"}#015
Jun  1 00:20:41 SSTECHFILE07.sstech.internal Microsoft-Windows-Security-Auditing[4]: {"EventTime":"%TS%","Hostname":"SSTECHFILE07.sstech.internal","Keywords":-9214364837600034816,"EventType":"AUDIT_SUCCESS","SeverityValue":2,"Severity":"INFO","EventID":4663,"SourceName":"Microsoft-Windows-Security-Auditing","ProviderGuid":"{54849625-5478-4994-A5BA-3E3B0328C30D}","Version":0,"Task":12800,"OpcodeValue":0,"RecordNumber":234605598,"ProcessID":4,"ThreadID":80,"Channel":"Security","Message":"An attempt was made to access an object.\r\n\r\nSubject:\r\n\tSecurity ID:\t\tS-1-5-18\r\n\tAccount Name:\t\t%SUBJECT_ACCOUNT%\r\n\tAccount Domain:\t\t%TARGET_DOMAIN%\r\n\tLogon ID:\t\t0x3e7\r\n\r\nObject:\r\n\tObject Server:\t%OBJECT_SERVER%\r\n\tObject Type:\tFile\r\n\tObject Name:\tC:\Windows\Boot\r\n\tHandle ID:\t%HANDLEID%\r\n\r\nProcess Information:\r\n\tProcess ID:\t%PROCESS_ID%\r\n\tProcess Name:\tC:\Program Files (x86)\Symantec\Symantec Endpoint Protection\14.0.2349.0100.105\Bin\ccSvcHst.exe\r\n\r\nAccess Request Information:\r\n\tAccesses:\tREAD_CONTROL\r\n\t\t\t\t\r\n\tAccess Mask:\t0x20000","Category":"File System","Opcode":"Info","SubjectUserSid":"S-1-5-18","SubjectUserName":"%SUBJECT_ACCOUNT%","SubjectDomainName":"%SUBJECT_DOMAIN%","SubjectLogonId":"0x3e7","ObjectServer":"%OBJECT_SERVER%","ObjectType":"File","ObjectName":"%OBJECT_NAME%","HandleId":"%HANDLEID%","AccessList":"%%1538\r\n\t\t\t\t","AccessMask":"0x20000","ProcessName":"%PROCESS_NAME%","EventReceivedTime":"%TS%","SourceModuleName":"in","SourceModuleType":"im_msvistalog"}#015
Jun  6 09:14:35 SSTECHFILE07.sstech.internal Microsoft-Windows-Security-Auditing[628]: {"EventTime":"%TS%","Hostname":"SSTECHFILE07.sstech.internal","Keywords":-9214364837600034816,"EventType":"AUDIT_SUCCESS","SeverityValue":2,"Severity":"INFO","EventID":4907,"SourceName":"Microsoft-Windows-Security-Auditing","ProviderGuid":"{54849625-5478-4994-A5BA-3E3B0328C30D}","Version":0,"Task":13568,"OpcodeValue":0,"RecordNumber":237307135,"ProcessID":628,"ThreadID":644,"Channel":"Security","Message":"Auditing settings on object were changed.\r\n\r\nSubject:\r\n\tSecurity ID:\t\tS-1-5-18\r\n\tAccount Name:\t\t%SUBJECT_ACCOUNT%\r\n\tAccount Domain:\t\t%TARGET_DOMAIN%\r\n\tLogon ID:\t\t0x3e7\r\n\r\nObject:\r\n\tObject Server:\t%OBJECT_SERVER%\r\n\tObject Type:\tFile\r\n\tObject Name:\tE:\System Volume Information\DFSR\Private\{BB6E3114-2875-4A84-965E-90BD6AD32428}-{07779CED-8BF8-48AD-8476-1DF6F9A967C7}\Installing\XDue Jun 5-   Data b-{345F6D6E-FA4F-48F9-9FF9-272DA61C64D2}-v15972088.pdf\r\n\tHandle ID:\t%HANDLEID%\r\n\r\nProcess Information:\r\n\tProcess ID:\t%PROCESS_ID%\r\n\tProcess Name:\tC:\Windows\System32\dfsrs.exe\r\n\r\nAuditing Settings:\r\n\tOriginal Security Descriptor:\t\r\n\tNew Security Descriptor:\t\tS:(ML;OICI;NW;;;ME)","Category":"Audit Policy Change","Opcode":"Info","SubjectUserSid":"S-1-5-18","SubjectUserName":"%SUBJECT_ACCOUNT%","SubjectDomainName":"%SUBJECT_DOMAIN%","SubjectLogonId":"0x3e7","ObjectServer":"%OBJECT_SERVER%","ObjectType":"File","ObjectName":"%OBJECT_NAME%","HandleId":"%HANDLEID%","OldSd'/><Data Name='NewSd":"S:(ML;OICI;NW;;;ME)","ProcessName":"%PROCESS_NAME%","EventReceivedTime":"%TS%","SourceModuleName":"in","SourceModuleType":"im_msvistalog"}#015
